Arguments: 
  /home/yasmin/.nvm/versions/node/v17.3.1/bin/node /usr/share/yarn/bin/yarn.js add typeorm reflect-metadate

PATH: 
  /home/yasmin/.asdf/asdf.sh:/home/yasmin/.asdf/shims:/home/yasmin/.asdf/bin:/home/yasmin/.asdf/asdf.sh:/home/yasmin/.nvm/versions/node/v17.3.1/bin:/home/yasmin/.asdf/completions/asdf.bash:/home/yasmin/.asdf/asdf.sh:/usr/local/sbin:/usr/local/bin:/usr/sbin:/usr/bin:/sbin:/bin:/usr/games:/usr/local/games:/snap/bin:/home/yasmin/.yarn/bin

Yarn version: 
  1.22.19

Node version: 
  17.3.1

Platform: 
  linux x64

Trace: 
  Error: https://registry.yarnpkg.com/reflect-metadate: Not found
      at Request.params.callback [as _callback] (/usr/share/yarn/lib/cli.js:66145:18)
      at Request.self.callback (/usr/share/yarn/lib/cli.js:140890:22)
      at Request.emit (node:events:390:28)
      at Request.<anonymous> (/usr/share/yarn/lib/cli.js:141862:10)
      at Request.emit (node:events:390:28)
      at IncomingMessage.<anonymous> (/usr/share/yarn/lib/cli.js:141784:12)
      at Object.onceWrapper (node:events:509:28)
      at IncomingMessage.emit (node:events:402:35)
      at endReadableNT (node:internal/streams/readable:1343:12)
      at processTicksAndRejections (node:internal/process/task_queues:83:21)

npm manifest: 
  {
    "name": "teste-dev-full-sx",
    "version": "1.0.0",
    "main": "index.js",
    "repository": "git@github.com:YasminMartinsDeBrito/teste-dev-full-sx.git",
    "author": "yasmin <yasminmartinsdebrito@gmail.com>",
    "license": "MIT"
  }

yarn manifest: 
  No manifest

Lockfile: 
  No lockfile
